Arguments: 
  /Users/pouya/.nvm/versions/node/v16.1.0/bin/node /Users/pouya/.nvm/versions/node/v16.1.0/bin/yarn init

PATH: 
  /Users/pouya/.rbenv/shims:/Users/pouya/.rbenv/bin:~/.rbenv/shims:/usr/local/bin:/opt/homebrew/opt/m4/bin:/opt/homebrew/opt/openssl@1.1/bin:/Users/pouya/.nvm/versions/node/v16.1.0/bin:/opt/homebrew/bin:/opt/homebrew/sbin:/usr/local/bin:/usr/bin:/bin:/usr/sbin:/sbin:/Users/pouya/.rbenv/shims:/Users/pouya/.rbenv/bin:~/.rbenv/shims:/opt/homebrew/opt/m4/bin:/opt/homebrew/opt/openssl@1.1/bin:/Users/pouya/.nvm/versions/node/v16.1.0/bin:/opt/homebrew/bin:/opt/homebrew/sbin

Yarn version: 
  1.22.15

Node version: 
  16.1.0

Platform: 
  darwin arm64

Trace: 
  Error: canceled
      at Interface.<anonymous> (/Users/pouya/.nvm/versions/node/v16.1.0/lib/node_modules/yarn/lib/cli.js:137145:13)
      at Interface.emit (node:events:365:28)
      at Interface._ttyWrite (node:readline:998:16)
      at ReadStream.onkeypress (node:readline:262:10)
      at ReadStream.emit (node:events:365:28)
      at emitKeys (node:internal/readline/utils:358:14)
      at emitKeys.next (<anonymous>)
      at ReadStream.onData (node:internal/readline/emitKeypressEvents:61:36)
      at ReadStream.emit (node:events:365:28)
      at addChunk (node:internal/streams/readable:314:12)

npm manifest: 
  No manifest

yarn manifest: 
  No manifest

Lockfile: 
  No lockfile
